# JRE version: OpenJDK Runtime Environment (8.0_76-b03) (build 1.8.0_76-release-b03)
# Java VM: OpenJDK 64-Bit Server VM (25.76-b03 mixed mode windows-amd64 compressed oops)
Heap:
 PSYoungGen      total 197632K, used 164312K [0x00000000eab00000, 0x00000000f8d80000, 0x0000000100000000)
  eden space 174592K, 92% used [0x00000000eab00000,0x00000000f48662f0,0x00000000f5580000)
  from space 23040K, 13% used [0x00000000f6c00000,0x00000000f6f10000,0x00000000f8280000)
  to   space 23040K, 0% used [0x00000000f5580000,0x00000000f5580000,0x00000000f6c00000)
 ParOldGen       total 108032K, used 55149K [0x00000000c0000000, 0x00000000c6980000, 0x00000000eab00000)
  object space 108032K, 51% used [0x00000000c0000000,0x00000000c35db540,0x00000000c6980000)
 Metaspace       used 66773K, capacity 70202K, committed 70448K, reserved 1110016K
  class space    used 8724K, capacity 9437K, committed 9520K, reserved 1048576K
GC Heap History (10 events):
Event: 787.911 GC heap before
{Heap before GC invocations=21 (full 4):
 PSYoungGen      total 171008K, used 162547K [0x00000000eab00000, 0x00000000f6600000, 0x0000000100000000)
  eden space 155648K, 100% used [0x00000000eab00000,0x00000000f4300000,0x00000000f4300000)
  from space 15360K, 44% used [0x00000000f5700000,0x00000000f5dbce88,0x00000000f6600000)
  to   space 17920K, 0% used [0x00000000f4300000,0x00000000f4300000,0x00000000f5480000)
 ParOldGen       total 108032K, used 48482K [0x00000000c0000000, 0x00000000c6980000, 0x00000000eab00000)
  object space 108032K, 44% used [0x00000000c0000000,0x00000000c2f589d8,0x00000000c6980000)
 Metaspace       used 64810K, capacity 67724K, committed 68016K, reserved 1107968K
  class space    used 8466K, capacity 9096K, committed 9136K, reserved 1048576K
Event: 787.949 GC heap after
Heap after GC invocations=21 (full 4):
 PSYoungGen      total 173568K, used 17912K [0x00000000eab00000, 0x00000000f8a00000, 0x0000000100000000)
  eden space 155648K, 0% used [0x00000000eab00000,0x00000000eab00000,0x00000000f4300000)
  from space 17920K, 99% used [0x00000000f4300000,0x00000000f547e230,0x00000000f5480000)
  to   space 24576K, 0% used [0x00000000f7200000,0x00000000f7200000,0x00000000f8a00000)
 ParOldGen       total 108032K, used 59506K [0x00000000c0000000, 0x00000000c6980000, 0x00000000eab00000)
  object space 108032K, 55% used [0x00000000c0000000,0x00000000c3a1c968,0x00000000c6980000)
 Metaspace       used 64810K, capacity 67724K, committed 68016K, reserved 1107968K
  class space    used 8466K, capacity 9096K, committed 9136K, reserved 1048576K
}
Event: 963.723 GC heap before
{Heap before GC invocations=22 (full 4):
 PSYoungGen      total 173568K, used 173560K [0x00000000eab00000, 0x00000000f8a00000, 0x0000000100000000)
  eden space 155648K, 100% used [0x00000000eab00000,0x00000000f4300000,0x00000000f4300000)
  from space 17920K, 99% used [0x00000000f4300000,0x00000000f547e230,0x00000000f5480000)
  to   space 24576K, 0% used [0x00000000f7200000,0x00000000f7200000,0x00000000f8a00000)
 ParOldGen       total 108032K, used 59506K [0x00000000c0000000, 0x00000000c6980000, 0x00000000eab00000)
  object space 108032K, 55% used [0x00000000c0000000,0x00000000c3a1c968,0x00000000c6980000)
 Metaspace       used 64960K, capacity 67922K, committed 68016K, reserved 1107968K
  class space    used 8484K, capacity 9113K, committed 9136K, reserved 1048576K
Event: 963.734 GC heap after
Heap after GC invocations=22 (full 4):
 PSYoungGen      total 192512K, used 8038K [0x00000000eab00000, 0x00000000f8380000, 0x0000000100000000)
  eden space 174592K, 0% used [0x00000000eab00000,0x00000000eab00000,0x00000000f5580000)
  from space 17920K, 44% used [0x00000000f7200000,0x00000000f79d9968,0x00000000f8380000)
  to   space 23552K, 0% used [0x00000000f5580000,0x00000000f5580000,0x00000000f6c80000)
 ParOldGen       total 108032K, used 59514K [0x00000000c0000000, 0x00000000c6980000, 0x00000000eab00000)
  object space 108032K, 55% used [0x00000000c0000000,0x00000000c3a1e968,0x00000000c6980000)
 Metaspace       used 64960K, capacity 67922K, committed 68016K, reserved 1107968K
  class space    used 8484K, capacity 9113K, committed 9136K, reserved 1048576K
}
Event: 964.633 GC heap before
{Heap before GC invocations=23 (full 4):
 PSYoungGen      total 192512K, used 70197K [0x00000000eab00000, 0x00000000f8380000, 0x0000000100000000)
  eden space 174592K, 35% used [0x00000000eab00000,0x00000000ee7b3b90,0x00000000f5580000)
  from space 17920K, 44% used [0x00000000f7200000,0x00000000f79d9968,0x00000000f8380000)
  to   space 23552K, 0% used [0x00000000f5580000,0x00000000f5580000,0x00000000f6c80000)
 ParOldGen       total 108032K, used 59514K [0x00000000c0000000, 0x00000000c6980000, 0x00000000eab00000)
  object space 108032K, 55% used [0x00000000c0000000,0x00000000c3a1e968,0x00000000c6980000)
 Metaspace       used 65908K, capacity 69266K, committed 69552K, reserved 1110016K
  class space    used 8634K, capacity 9339K, committed 9392K, reserved 1048576K
Event: 964.648 GC heap after
Heap after GC invocations=23 (full 4):
 PSYoungGen      total 182272K, used 7314K [0x00000000eab00000, 0x00000000f8280000, 0x0000000100000000)
  eden space 174592K, 0% used [0x00000000eab00000,0x00000000eab00000,0x00000000f5580000)
  from space 7680K, 95% used [0x00000000f5580000,0x00000000f5ca4ae0,0x00000000f5d00000)
  to   space 23040K, 0% used [0x00000000f6c00000,0x00000000f6c00000,0x00000000f8280000)
 ParOldGen       total 108032K, used 59522K [0x00000000c0000000, 0x00000000c6980000, 0x00000000eab00000)
  object space 108032K, 55% used [0x00000000c0000000,0x00000000c3a20968,0x00000000c6980000)
 Metaspace       used 65908K, capacity 69266K, committed 69552K, reserved 1110016K
  class space    used 8634K, capacity 9339K, committed 9392K, reserved 1048576K
}
Event: 964.648 GC heap before
{Heap before GC invocations=24 (full 5):
 PSYoungGen      total 182272K, used 7314K [0x00000000eab00000, 0x00000000f8280000, 0x0000000100000000)
  eden space 174592K, 0% used [0x00000000eab00000,0x00000000eab00000,0x00000000f5580000)
  from space 7680K, 95% used [0x00000000f5580000,0x00000000f5ca4ae0,0x00000000f5d00000)
  to   space 23040K, 0% used [0x00000000f6c00000,0x00000000f6c00000,0x00000000f8280000)
 ParOldGen       total 108032K, used 59522K [0x00000000c0000000, 0x00000000c6980000, 0x00000000eab00000)
  object space 108032K, 55% used [0x00000000c0000000,0x00000000c3a20968,0x00000000c6980000)
 Metaspace       used 65908K, capacity 69266K, committed 69552K, reserved 1110016K
  class space    used 8634K, capacity 9339K, committed 9392K, reserved 1048576K
Event: 965.348 GC heap after
Heap after GC invocations=24 (full 5):
 PSYoungGen      total 182272K, used 0K [0x00000000eab00000, 0x00000000f8280000, 0x0000000100000000)
  eden space 174592K, 0% used [0x00000000eab00000,0x00000000eab00000,0x00000000f5580000)
  from space 7680K, 0% used [0x00000000f5580000,0x00000000f5580000,0x00000000f5d00000)
  to   space 23040K, 0% used [0x00000000f6c00000,0x00000000f6c00000,0x00000000f8280000)
 ParOldGen       total 108032K, used 55141K [0x00000000c0000000, 0x00000000c6980000, 0x00000000eab00000)
  object space 108032K, 51% used [0x00000000c0000000,0x00000000c35d9540,0x00000000c6980000)
 Metaspace       used 65908K, capacity 69266K, committed 69552K, reserved 1110016K
  class space    used 8634K, capacity 9339K, committed 9392K, reserved 1048576K
}
Event: 1137.059 GC heap before
{Heap before GC invocations=25 (full 5):
 PSYoungGen      total 182272K, used 174592K [0x00000000eab00000, 0x00000000f8280000, 0x0000000100000000)
  eden space 174592K, 100% used [0x00000000eab00000,0x00000000f5580000,0x00000000f5580000)
  from space 7680K, 0% used [0x00000000f5580000,0x00000000f5580000,0x00000000f5d00000)
  to   space 23040K, 0% used [0x00000000f6c00000,0x00000000f6c00000,0x00000000f8280000)
 ParOldGen       total 108032K, used 55141K [0x00000000c0000000, 0x00000000c6980000, 0x00000000eab00000)
  object space 108032K, 51% used [0x00000000c0000000,0x00000000c35d9540,0x00000000c6980000)
 Metaspace       used 66225K, capacity 69716K, committed 69808K, reserved 1110016K
  class space    used 8669K, capacity 9390K, committed 9392K, reserved 1048576K
Event: 1137.067 GC heap after
Heap after GC invocations=25 (full 5):
 PSYoungGen      total 197632K, used 3136K [0x00000000eab00000, 0x00000000f8d80000, 0x0000000100000000)
  eden space 174592K, 0% used [0x00000000eab00000,0x00000000eab00000,0x00000000f5580000)
  from space 23040K, 13% used [0x00000000f6c00000,0x00000000f6f10000,0x00000000f8280000)
  to   space 23040K, 0% used [0x00000000f5580000,0x00000000f5580000,0x00000000f6c00000)
 ParOldGen       total 108032K, used 55149K [0x00000000c0000000, 0x00000000c6980000, 0x00000000eab00000)
  object space 108032K, 51% used [0x00000000c0000000,0x00000000c35db540,0x00000000c6980000)
 Metaspace       used 66225K, capacity 69716K, committed 69808K, reserved 1110016K
  class space    used 8669K, capacity 9390K, committed 9392K, reserved 1048576K
}

